Drill report for Coil_Panel_Z.kicad_pcb
Created on 2025-03-15T16:06:05-0700

Copper Layer Stackup:
    =============================================================
    L1 :  F.Cu                      front
    L1 :  B.Cu                      back
    L1 :  In1.Cu                    in1
    L1 :  In2.Cu                    in2
    L1 :  In3.Cu                    in3
    L1 :  In4.Cu                    in4


Drill file 'Coil_Panel_Z-PTH.drl' contains
    plated through holes:
    =============================================================
    T1  0.300mm  0.0118"  (9 holes)
    T2  1.300mm  0.0512"  (2 holes)
    T3  2.200mm  0.0866"  (4 holes)

    Total plated holes count 15


Drill file 'Coil_Panel_Z-NPTH.drl' contains
    unplated through holes:
    =============================================================

    Total unplated holes count 0
