Drill report for RPi_interface.kicad_pcb
Created on 2024 May 08, Wednesday 20:56:22

Copper Layer Stackup:
    =============================================================
    L1 :  F.Cu                      front
    L2 :  In1.Cu                    in1
    L3 :  In2.Cu                    in2
    L4 :  B.Cu                      back


Drill file 'RPi_interface-PTH.drl' contains
    plated through holes:
    =============================================================
    T1  0.400mm  0.0157"  (150 holes)
    T2  0.700mm  0.0276"  (2 holes)
    T3  0.800mm  0.0315"  (9 holes)
    T4  1.000mm  0.0394"  (43 holes)
    T5  1.500mm  0.0591"  (1 hole)
    T6  1.700mm  0.0669"  (4 holes)
    T7  2.700mm  0.1063"  (5 holes)

    Total plated holes count 214


Drill file 'RPi_interface-NPTH.drl' contains
    unplated through holes:
    =============================================================

    Total unplated holes count 0
