Drill report for batteryboard.kicad_pcb
Created on 2024 May 08, Wednesday 22:44:39

Copper Layer Stackup:
    =============================================================
    L1 :  F.Cu                      front
    L2 :  In1.Cu                    in1
    L3 :  In2.Cu                    in2
    L4 :  B.Cu                      back


Drill file 'batteryboard-PTH.drl' contains
    plated through holes:
    =============================================================
    T1  0.300mm  0.0118"  (64 holes)
    T2  0.700mm  0.0276"  (2 holes)
    T3  1.000mm  0.0394"  (2 holes)
    T4  1.092mm  0.0430"  (2 holes)
    T5  3.200mm  0.1260"  (4 holes)

    Total plated holes count 74


Drill file 'batteryboard-NPTH.drl' contains
    unplated through holes:
    =============================================================
    T1  2.642mm  0.1040"  (6 holes)
    T2  3.708mm  0.1460"  (12 holes)

    Total unplated holes count 18
