Drill report for New_Coil_Panel_Y.kicad_pcb
Created on 2024 May 09, Thursday 13:19:20

Copper Layer Stackup:
    =============================================================
    L1 :  F.Cu                      front
    L2 :  In1.Cu                    in1
    L3 :  In2.Cu                    in2
    L4 :  In3.Cu                    in3
    L5 :  In4.Cu                    in4
    L6 :  B.Cu                      back


Drill file 'New_Coil_Panel_Y-PTH.drl' contains
    plated through holes:
    =============================================================
    T1  0.300mm  0.0118"  (9 holes)
    T2  1.300mm  0.0512"  (2 holes)
    T3  2.200mm  0.0866"  (6 holes)

    Total plated holes count 17


Drill file 'New_Coil_Panel_Y-NPTH.drl' contains
    unplated through holes:
    =============================================================

    Total unplated holes count 0
