Drill report for FlexDeploySidePanels.kicad_pcb
Created on 2024 May 08, Wednesday 11:49:16

Copper Layer Stackup:
    =============================================================
    L1 :  F.Cu                      front
    L2 :  In1.Cu                    in1
    L3 :  In2.Cu                    in2
    L4 :  B.Cu                      back


Drill file 'FlexDeploySidePanels-PTH.drl' contains
    plated through holes:
    =============================================================
    T1  0.600mm  0.0236"  (15 holes)
    T2  0.800mm  0.0315"  (5 holes)
    T3  2.000mm  0.0787"  (80 holes)
    T4  2.200mm  0.0866"  (25 holes)

    Total plated holes count 125


Drill file 'FlexDeploySidePanels-NPTH.drl' contains
    unplated through holes:
    =============================================================

    Total unplated holes count 0
