Drill report for Groundstation_Hat.kicad_pcb
Created on 2024 March 08, Friday 21:10:57

Copper Layer Stackup:
    =============================================================
    L1 :  F.Cu                      front
    L2 :  In1.Cu                    in1
    L3 :  In2.Cu                    in2
    L4 :  B.Cu                      back


Drill file 'Groundstation_Hat-PTH.drl' contains
    plated through holes:
    =============================================================
    T1  0.400mm  0.0157"  (50 holes)
    T2  1.000mm  0.0394"  (40 holes)
    T3  1.500mm  0.0591"  (2 holes)
    T4  1.700mm  0.0669"  (8 holes)
    T5  2.700mm  0.1063"  (3 holes)

    Total plated holes count 103


Drill file 'Groundstation_Hat-NPTH.drl' contains
    unplated through holes:
    =============================================================

    Total unplated holes count 0
