Drill report for New Groundstation.kicad_pcb
Created on 2024 March 08, Friday 21:59:21

Copper Layer Stackup:
    =============================================================
    L1 :  F.Cu                      front
    L2 :  In1.Cu                    in1
    L3 :  In2.Cu                    in2
    L4 :  B.Cu                      back


Drill file 'New Groundstation-PTH.drl' contains
    plated through holes:
    =============================================================
    T1  0.400mm  0.0157"  (12 holes)
    T2  0.762mm  0.0300"  (15 holes)
    T3  1.000mm  0.0394"  (6 holes)
    T4  1.016mm  0.0400"  (44 holes)
    T5  1.500mm  0.0591"  (1 hole)
    T6  1.700mm  0.0669"  (4 holes)
    T7  2.750mm  0.1083"  (4 holes)
    T8  5.000mm  0.1969"  (4 holes)

    Total plated holes count 90


Drill file 'New Groundstation-NPTH.drl' contains
    unplated through holes:
    =============================================================

    Total unplated holes count 0
