Drill report for mainboard.kicad_pcb
Created on 5/14/2024 10:46:47 PM

Copper Layer Stackup:
    =============================================================
    L1 :  F.Cu                      front
    L2 :  Route2                    in1
    L3 :  Route15                   in2
    L4 :  B.Cu                      back


Drill file 'mainboard-PTH.drl' contains
    plated through holes:
    =============================================================
    T1  0.381mm  0.0150"  (243 holes)
    T2  0.400mm  0.0157"  (47 holes)
    T3  0.600mm  0.0236"  (4 holes)  (with 4 slots)
    T4  0.762mm  0.0300"  (2 holes)
    T5  0.800mm  0.0315"  (73 holes)
    T6  1.000mm  0.0394"  (24 holes)
    T7  1.200mm  0.0472"  (8 holes)
    T8  1.295mm  0.0510"  (5 holes)
    T9  1.500mm  0.0591"  (1 hole)
    T10  1.700mm  0.0669"  (4 holes)
    T11  3.200mm  0.1260"  (4 holes)

    Total plated holes count 415


Drill file 'mainboard-NPTH.drl' contains
    unplated through holes:
    =============================================================
    T1  0.650mm  0.0256"  (2 holes)

    Total unplated holes count 2
