Drill report for mainboard.kicad_pcb
Created on 2024-11-24T13:51:30-0800

Copper Layer Stackup:
    =============================================================
    L1 :  F.Cu                      front
    L2 :  Route2                    in1
    L3 :  Route15                   in2
    L4 :  B.Cu                      back


Drill file 'mainboard-PTH.drl' contains
    plated through holes:
    =============================================================
    T1  0.250mm  0.0098"  (9 holes)
    T2  0.381mm  0.0150"  (224 holes)
    T3  0.400mm  0.0157"  (47 holes)
    T4  0.600mm  0.0236"  (4 holes)  (with 4 slots)
    T5  0.762mm  0.0300"  (2 holes)
    T6  0.800mm  0.0315"  (75 holes)
    T7  1.000mm  0.0394"  (26 holes)
    T8  1.200mm  0.0472"  (8 holes)
    T9  1.295mm  0.0510"  (5 holes)
    T10  1.500mm  0.0591"  (1 hole)
    T11  1.700mm  0.0669"  (4 holes)
    T12  3.200mm  0.1260"  (4 holes)

    Total plated holes count 409


Drill file 'mainboard-NPTH.drl' contains
    unplated through holes:
    =============================================================
    T1  0.650mm  0.0256"  (2 holes)

    Total unplated holes count 2
