Drill report for Z_Panels.kicad_pcb
Created on Tuesday, April 09, 2024 at 10:46:17 PM

Copper Layer Stackup:
    =============================================================
    L1 :  F.Cu                      front
    L2 :  In1.Cu                    in1
    L3 :  In2.Cu                    in2
    L4 :  B.Cu                      back


Drill file 'Z_Panels-PTH.drl' contains
    plated through holes:
    =============================================================
    T1  0.400mm  0.0157"  (86 holes)
    T2  1.500mm  0.0591"  (1 hole)
    T3  1.700mm  0.0669"  (4 holes)
    T4  2.000mm  0.0787"  (14 holes)
    T5  2.200mm  0.0866"  (8 holes)

    Total plated holes count 113


Drill file 'Z_Panels-NPTH.drl' contains
    unplated through holes:
    =============================================================

    Total unplated holes count 0
