Drill report for LT8490.kicad_pcb
Created on 2024 April 25, Thursday 00:05:05

Copper Layer Stackup:
    =============================================================
    L1 :  F.Cu                      front
    L2 :  In1.Cu                    in1
    L3 :  In2.Cu                    in2
    L4 :  In3.Cu                    in3
    L5 :  In4.Cu                    in4
    L6 :  B.Cu                      back


Drill file 'LT8490-PTH.drl' contains
    plated through holes:
    =============================================================
    T1  0.279mm  0.0110"  (137 holes)
    T2  0.400mm  0.0157"  (7 holes)
    T3  0.500mm  0.0197"  (21 holes)
    T4  1.000mm  0.0394"  (50 holes)

    Total plated holes count 215


Drill file 'LT8490-NPTH.drl' contains
    unplated through holes:
    =============================================================

    Total unplated holes count 0
